0 info it worked if it ends with ok
1 verbose cli [ 'C:\\Program Files\\nodejs\\node.exe',
1 verbose cli   'C:\\Users\\wmj\\AppData\\Roaming\\npm\\node_modules\\npm\\bin\\npm-cli.js',
1 verbose cli   'install',
1 verbose cli   '-g',
1 verbose cli   'cnpm' ]
2 info using npm@2.6.1
3 info using node@v6.9.3
4 silly cache add args [ 'cnpm', null ]
5 verbose cache add spec cnpm
6 silly cache add parsed spec Result {
6 silly cache add   raw: 'cnpm',
6 silly cache add   scope: null,
6 silly cache add   name: 'cnpm',
6 silly cache add   rawSpec: '',
6 silly cache add   spec: '*',
6 silly cache add   type: 'range' }
7 verbose addNamed cnpm@*
8 silly addNamed semver.valid null
9 silly addNamed semver.validRange *
10 silly addNameRange { name: 'cnpm', range: '*', hasData: false }
11 silly mapToRegistry name cnpm
12 silly mapToRegistry using default registry
13 silly mapToRegistry registry https://registry.npm.taobao.org/
14 silly mapToRegistry uri https://registry.npm.taobao.org/cnpm
15 verbose addNameRange registry:https://registry.npm.taobao.org/cnpm not in flight; fetching
16 verbose request uri https://registry.npm.taobao.org/cnpm
17 verbose request no auth needed
18 info attempt registry request try #1 at 17:32:20
19 verbose request id e8d709bf25bdf3bc
20 verbose etag "1437239243000"
21 http request GET https://registry.npm.taobao.org/cnpm
22 http 200 https://registry.npm.taobao.org/cnpm
23 silly get cb [ 200,
23 silly get   { date: 'Tue, 24 Jan 2017 09:32:27 GMT',
23 silly get     'content-type': 'application/json; charset=utf-8',
23 silly get     'content-length': '160296',
23 silly get     connection: 'keep-alive',
23 silly get     'x-current-requests': '1',
23 silly get     etag: '"27228-z1eBA+/HmjLug/2G3iOIcw"',
23 silly get     'x-readtime': '36' } ]
24 verbose get saving cnpm to C:\Users\wmj\AppData\Roaming\npm-cache\registry.npm.taobao.org\cnpm\.cache.json
25 silly addNameRange number 2 { name: 'cnpm', range: '*', hasData: true }
26 silly addNameRange versions [ 'cnpm',
26 silly addNameRange   [ '4.4.2',
26 silly addNameRange     '4.4.1',
26 silly addNameRange     '4.4.0',
26 silly addNameRange     '4.4.0-beta',
26 silly addNameRange     '4.3.2',
26 silly addNameRange     '4.3.1',
26 silly addNameRange     '4.3.0',
26 silly addNameRange     '4.2.0',
26 silly addNameRange     '4.2.0-beta.5',
26 silly addNameRange     '4.2.0-beta.4',
26 silly addNameRange     '4.2.0-beta.3',
26 silly addNameRange     '4.2.0-beta.2',
26 silly addNameRange     '4.2.0-beta.1',
26 silly addNameRange     '3.4.1',
26 silly addNameRange     '3.4.0',
26 silly addNameRange     '3.3.1',
26 silly addNameRange     '4.1.0',
26 silly addNameRange     '3.3.0',
26 silly addNameRange     '4.0.0',
26 silly addNameRange     '3.2.3',
26 silly addNameRange     '3.2.2',
26 silly addNameRange     '3.2.1',
26 silly addNameRange     '3.2.0',
26 silly addNameRange     '3.1.0',
26 silly addNameRange     '3.0.2',
26 silly addNameRange     '3.0.1',
26 silly addNameRange     '3.0.0',
26 silly addNameRange     '2.0.1',
26 silly addNameRange     '2.0.0',
26 silly addNameRange     '1.2.0',
26 silly addNameRange     '1.1.0',
26 silly addNameRange     '1.0.0',
26 silly addNameRange     '0.5.2',
26 silly addNameRange     '0.5.0',
26 silly addNameRange     '0.4.0',
26 silly addNameRange     '0.3.0',
26 silly addNameRange     '0.2.2',
26 silly addNameRange     '0.2.1',
26 silly addNameRange     '0.2.0',
26 silly addNameRange     '0.1.3',
26 silly addNameRange     '0.1.2',
26 silly addNameRange     '0.1.1',
26 silly addNameRange     '0.1.0',
26 silly addNameRange     '0.0.35',
26 silly addNameRange     '0.0.34',
26 silly addNameRange     '0.0.33',
26 silly addNameRange     '0.0.32',
26 silly addNameRange     '0.0.31',
26 silly addNameRange     '0.0.30',
26 silly addNameRange     '0.0.29',
26 silly addNameRange     '0.0.28',
26 silly addNameRange     '0.0.27',
26 silly addNameRange     '0.0.26',
26 silly addNameRange     '0.0.25',
26 silly addNameRange     '0.0.24',
26 silly addNameRange     '0.0.23',
26 silly addNameRange     '0.0.22',
26 silly addNameRange     '0.0.21',
26 silly addNameRange     '0.0.20',
26 silly addNameRange     '0.0.19',
26 silly addNameRange     '0.0.18',
26 silly addNameRange     '0.0.17',
26 silly addNameRange     '0.0.16',
26 silly addNameRange     '0.0.15',
26 silly addNameRange     '0.0.14',
26 silly addNameRange     '0.0.13',
26 silly addNameRange     '0.0.12',
26 silly addNameRange     '0.0.11',
26 silly addNameRange     '0.0.10',
26 silly addNameRange     '0.0.9',
26 silly addNameRange     '0.0.8',
26 silly addNameRange     '0.0.7',
26 silly addNameRange     '0.0.6',
26 silly addNameRange     '0.0.5',
26 silly addNameRange     '0.0.4',
26 silly addNameRange     '0.0.3',
26 silly addNameRange     '0.0.2',
26 silly addNameRange     '0.0.1',
26 silly addNameRange     '0.0.0' ] ]
27 verbose addNamed cnpm@4.4.2
28 silly addNamed semver.valid 4.4.2
29 silly addNamed semver.validRange 4.4.2
30 silly mapToRegistry name cnpm
31 silly mapToRegistry using default registry
32 silly mapToRegistry registry https://registry.npm.taobao.org/
33 silly mapToRegistry uri https://registry.npm.taobao.org/cnpm
34 verbose addRemoteTarball https://registry.npm.taobao.org/cnpm/download/cnpm-4.4.2.tgz not in flight; adding
35 verbose addRemoteTarball [ 'https://registry.npm.taobao.org/cnpm/download/cnpm-4.4.2.tgz',
35 verbose addRemoteTarball   'acba04741cb08fa2f1d764acf43f453073d154b1' ]
36 info retry fetch attempt 1 at 17:32:20
37 info attempt registry request try #1 at 17:32:20
38 http fetch GET https://registry.npm.taobao.org/cnpm/download/cnpm-4.4.2.tgz
39 http fetch 200 https://registry.npm.taobao.org/cnpm/download/cnpm-4.4.2.tgz
40 silly fetchAndShaCheck shasum acba04741cb08fa2f1d764acf43f453073d154b1
41 verbose addTmpTarball C:\Users\wmj\AppData\Local\Temp\npm-31164-3e5388b5\registry.npm.taobao.org\cnpm\download\cnpm-4.4.2.tgz not in flight; adding
42 verbose addTmpTarball already have metadata; skipping unpack for cnpm@4.4.2
43 silly cache afterAdd cnpm@4.4.2
44 verbose afterAdd C:\Users\wmj\AppData\Roaming\npm-cache\cnpm\4.4.2\package\package.json not in flight; writing
45 verbose afterAdd C:\Users\wmj\AppData\Roaming\npm-cache\cnpm\4.4.2\package\package.json written
46 silly install resolved [ { name: 'cnpm',
46 silly install resolved     version: '4.4.2',
46 silly install resolved     description: 'cnpm: npm client for cnpmjs.org',
46 silly install resolved     main: 'bin/cnpm',
46 silly install resolved     scripts:
46 silly install resolved      { test: 'mocha -t 120000 test/*.test.js',
46 silly install resolved        lint: 'jshint .',
46 silly install resolved        ci: 'npm run lint && npm run test',
46 silly install resolved        autod: 'autod' },
46 silly install resolved     preferGlobal: true,
46 silly install resolved     bin: { cnpm: 'bin/cnpm' },
46 silly install resolved     dependencies:
46 silly install resolved      { 'auto-correct': '^1.0.0',
46 silly install resolved        bagpipe: '^0.3.5',
46 silly install resolved        colors: '^1.1.2',
46 silly install resolved        commander: '^2.9.0',
46 silly install resolved        'cross-spawn': '~0.2.8',
46 silly install resolved        debug: '^2.2.0',
46 silly install resolved        giturl: '^1.0.0',
46 silly install resolved        npm: '^3.10.8',
46 silly install resolved        'npm-request': '^1.0.0',
46 silly install resolved        npminstall: '^2.7.0',
46 silly install resolved        open: '^0.0.5',
46 silly install resolved        urllib: '^2.17.0' },
46 silly install resolved     devDependencies:
46 silly install resolved      { autod: '^2.7.1',
46 silly install resolved        coffee: '^3.3.0',
46 silly install resolved        'egg-ci': '^1.1.0',
46 silly install resolved        'fs-extra': '0',
46 silly install resolved        jshint: '2',
46 silly install resolved        mocha: '3',
46 silly install resolved        rimraf: '^2.5.4',
46 silly install resolved        should: '5' },
46 silly install resolved     homepage: 'https://github.com/cnpm/cnpm',
46 silly install resolved     repository:
46 silly install resolved      { type: 'git',
46 silly install resolved        url: 'git://github.com/cnpm/cnpm.git',
46 silly install resolved        web: 'https://github.com/cnpm/cnpm' },
46 silly install resolved     bugs:
46 silly install resolved      { url: 'https://github.com/cnpm/cnpm/issues',
46 silly install resolved        email: 'm@fengmk2.com' },
46 silly install resolved     keywords: [ 'cnpm', 'npm', 'npminstall' ],
46 silly install resolved     engines: { node: '>= 4.0.0' },
46 silly install resolved     ci: { version: '4, 6, 7' },
46 silly install resolved     author:
46 silly install resolved      { name: 'fengmk2',
46 silly install resolved        email: 'm@fengmk2.com',
46 silly install resolved        url: 'http://fengmk2.com' },
46 silly install resolved     license: 'MIT',
46 silly install resolved     contributors: [ [Object], [Object], [Object], [Object], [Object], [Object] ],
46 silly install resolved     gitHead: 'dab8f974610201993d8a43b2ab32943fb2668173',
46 silly install resolved     _id: 'cnpm@4.4.2',
46 silly install resolved     _shasum: 'acba04741cb08fa2f1d764acf43f453073d154b1',
46 silly install resolved     _from: 'cnpm@*',
46 silly install resolved     _npmVersion: '3.10.3',
46 silly install resolved     _nodeVersion: '4.4.7',
46 silly install resolved     _npmUser: { name: 'dead_horse', email: 'dead_horse@qq.com' },
46 silly install resolved     dist:
46 silly install resolved      { shasum: 'acba04741cb08fa2f1d764acf43f453073d154b1',
46 silly install resolved        size: 9938,
46 silly install resolved        noattachment: false,
46 silly install resolved        tarball: 'http://registry.npm.taobao.org/cnpm/download/cnpm-4.4.2.tgz' },
46 silly install resolved     maintainers: [ [Object], [Object], [Object] ],
46 silly install resolved     _npmOperationalInternal:
46 silly install resolved      { host: 'packages-12-west.internal.npmjs.com',
46 silly install resolved        tmp: 'tmp/cnpm-4.4.2.tgz_1479664620111_0.2670125407166779' },
46 silly install resolved     directories: {},
46 silly install resolved     publish_time: 1479664622112,
46 silly install resolved     _cnpm_publish_time: 1479664622112,
46 silly install resolved     _resolved: 'https://registry.npm.taobao.org/cnpm/download/cnpm-4.4.2.tgz' } ]
47 info install cnpm@4.4.2 into C:\Program Files\nodejs
48 info installOne cnpm@4.4.2
49 verbose installOne of cnpm to C:\Program Files\nodejs not in flight; installing
50 verbose lock using C:\Users\wmj\AppData\Roaming\npm-cache\_locks\cnpm-6c4b016466ebbab9.lock for C:\Program Files\nodejs\node_modules\cnpm
51 silly install write writing cnpm 4.4.2 to C:\Program Files\nodejs\node_modules\cnpm
52 silly cache addNamed cb cnpm@4.4.2
53 verbose unbuild node_modules\cnpm
54 verbose gentlyRm vacuuming C:\Program Files\nodejs\node_modules\cnpm
55 verbose tar unpack C:\Users\wmj\AppData\Roaming\npm-cache\cnpm\4.4.2\package.tgz
56 verbose tar unpacking to C:\Program Files\nodejs\node_modules\cnpm
57 verbose gentlyRm vacuuming C:\Program Files\nodejs\node_modules\cnpm
58 silly gunzTarPerm modes [ '777', '666' ]
59 error tar.unpack untar error C:\Users\wmj\AppData\Roaming\npm-cache\cnpm\4.4.2\package.tgz
60 verbose unlock done using C:\Users\wmj\AppData\Roaming\npm-cache\_locks\cnpm-6c4b016466ebbab9.lock for C:\Program Files\nodejs\node_modules\cnpm
61 verbose fstream_path C:\Program Files\nodejs\node_modules\cnpm
62 verbose fstream_type Directory
63 verbose fstream_class DirWriter
64 verbose stack Error: EPERM: operation not permitted, mkdir 'C:\Program Files\nodejs\node_modules\cnpm'
64 verbose stack     at Error (native)
65 verbose fstream_stack C:\Users\wmj\AppData\Roaming\npm\node_modules\npm\node_modules\fstream\lib\dir-writer.js:36:23
65 verbose fstream_stack C:\Users\wmj\AppData\Roaming\npm\node_modules\npm\node_modules\mkdirp\index.js:46:53
65 verbose fstream_stack FSReqWrap.oncomplete (fs.js:123:15)
66 verbose cwd d:\github\javascript
67 error Windows_NT 6.1.7601
68 error argv "C:\\Program Files\\nodejs\\node.exe" "C:\\Users\\wmj\\AppData\\Roaming\\npm\\node_modules\\npm\\bin\\npm-cli.js" "install" "-g" "cnpm"
69 error node v6.9.3
70 error npm  v2.6.1
71 error path C:\Program Files\nodejs\node_modules\cnpm
72 error code EPERM
73 error errno -4048
74 error syscall mkdir
75 error Error: EPERM: operation not permitted, mkdir 'C:\Program Files\nodejs\node_modules\cnpm'
75 error     at Error (native)
75 error  { Error: EPERM: operation not permitted, mkdir 'C:\Program Files\nodejs\node_modules\cnpm'
75 error     at Error (native)
75 error   errno: -4048,
75 error   code: 'EPERM',
75 error   syscall: 'mkdir',
75 error   path: 'C:\\Program Files\\nodejs\\node_modules\\cnpm',
75 error   fstream_type: 'Directory',
75 error   fstream_path: 'C:\\Program Files\\nodejs\\node_modules\\cnpm',
75 error   fstream_class: 'DirWriter',
75 error   fstream_stack:
75 error    [ 'C:\\Users\\wmj\\AppData\\Roaming\\npm\\node_modules\\npm\\node_modules\\fstream\\lib\\dir-writer.js:36:23',
75 error      'C:\\Users\\wmj\\AppData\\Roaming\\npm\\node_modules\\npm\\node_modules\\mkdirp\\index.js:46:53',
75 error      'FSReqWrap.oncomplete (fs.js:123:15)' ] }
76 error Please try running this command again as root/Administrator.
77 verbose exit [ -4048, true ]
78 verbose unbuild node_modules\cnpm
79 verbose gentlyRm vacuuming C:\Program Files\nodejs\node_modules\cnpm
